15:41:36 **** Incremental Build of configuration Debug for project Assignment3_TBST ****
make all 
Building file: ../src/Assignment3_TBST.cpp
Invoking: GCC C++ Compiler
g++ -O0 -g3 -Wall -c -fmessage-length=0 -MMD -MP -MF"src/Assignment3_TBST.d" -MT"src/Assignment3_TBST.o" -o "src/Assignment3_TBST.o" "../src/Assignment3_TBST.cpp"
Finished building: ../src/Assignment3_TBST.cpp
 
Building target: Assignment3_TBST
Invoking: GCC C++ Linker
g++  -o "Assignment3_TBST"  ./src/Assignment3_TBST.o   
Finished building target: Assignment3_TBST
 
15:41:41 **** Incremental Build of configuration Debug for project Assignment3_TBST ****
make all 
make: Nothing to be done for 'all'.
15:42:38 **** Incremental Build of configuration Debug for project Assignment3_TBST ****
make all 
Building file: ../src/Assignment3_TBST.cpp
Invoking: GCC C++ Compiler
g++ -O0 -g3 -Wall -c -fmessage-length=0 -MMD -MP -MF"src/Assignment3_TBST.d" -MT"src/Assignment3_TBST.o" -o "src/Assignment3_TBST.o" "../src/Assignment3_TBST.cpp"
Finished building: ../src/Assignment3_TBST.cpp
 
Building target: Assignment3_TBST
Invoking: GCC C++ Linker
g++  -o "Assignment3_TBST"  ./src/Assignment3_TBST.o   
Finished building target: Assignment3_TBST
 
